[01-Jul-2017 03:14:22 UTC] WP_Community_Events::maybe_log_events_response: Valid response received. Details: {"api_url":"https:\/\/api.wordpress.org\/events\/1.0\/","request_args":{"body":{"number":5,"ip":"192.168.50.0","locale":"en_US","timezone":"America\/Chicago"}},"response_code":200,"response_body":{"location":{"ip":"99.20.106.215"},"events":"4 events trimmed."}}
[01-Jul-2017 06:14:11 UTC] PHP Notice:  Use of undefined constant is_front_page - assumed 'is_front_page' in /srv/www/loft_city_church/htdocs/wp-content/themes/LOFT/template-parts/header/site-branding.php on line 25
[01-Jul-2017 06:14:16 UTC] PHP Notice:  Use of undefined constant is_front_page - assumed 'is_front_page' in /srv/www/loft_city_church/htdocs/wp-content/themes/LOFT/template-parts/header/site-branding.php on line 25
[01-Jul-2017 06:14:22 UTC] PHP Notice:  Use of undefined constant is_front_page - assumed 'is_front_page' in /srv/www/loft_city_church/htdocs/wp-content/themes/LOFT/template-parts/header/site-branding.php on line 25
[01-Jul-2017 06:14:37 UTC] PHP Notice:  Use of undefined constant is_front_page - assumed 'is_front_page' in /srv/www/loft_city_church/htdocs/wp-content/themes/LOFT/template-parts/header/site-branding.php on line 25
[01-Jul-2017 14:58:33 UTC] PHP Notice:  No taxonomies have image support. <a href="http://loft_city_church.dev/wp-admin/options-general.php?page=sermon_image_plugin_settings">Manage Settings</a> in /srv/www/loft_city_church/htdocs/wp-content/plugins/sermon-manager-for-wordpress/includes/taxonomy-images/taxonomy-images.php on line 1133
[01-Jul-2017 14:58:33 UTC] PHP Notice:  No taxonomies have image support. <a href="http://loft_city_church.dev/wp-admin/options-general.php?page=sermon_image_plugin_settings">Manage Settings</a> in /srv/www/loft_city_church/htdocs/wp-content/plugins/sermon-manager-for-wordpress/includes/taxonomy-images/taxonomy-images.php on line 1133
[01-Jul-2017 14:58:33 UTC] PHP Notice:  No taxonomies have image support. <a href="http://loft_city_church.dev/wp-admin/options-general.php?page=sermon_image_plugin_settings">Manage Settings</a> in /srv/www/loft_city_church/htdocs/wp-content/plugins/sermon-manager-for-wordpress/includes/taxonomy-images/taxonomy-images.php on line 1133
[01-Jul-2017 14:58:48 UTC] PHP Notice:  No taxonomies have image support. <a href="http://loft_city_church.dev/wp-admin/options-general.php?page=sermon_image_plugin_settings">Manage Settings</a> in /srv/www/loft_city_church/htdocs/wp-content/plugins/sermon-manager-for-wordpress/includes/taxonomy-images/taxonomy-images.php on line 1133
[01-Jul-2017 14:58:48 UTC] PHP Notice:  No taxonomies have image support. <a href="http://loft_city_church.dev/wp-admin/options-general.php?page=sermon_image_plugin_settings">Manage Settings</a> in /srv/www/loft_city_church/htdocs/wp-content/plugins/sermon-manager-for-wordpress/includes/taxonomy-images/taxonomy-images.php on line 1133
[01-Jul-2017 14:58:48 UTC] PHP Notice:  No taxonomies have image support. <a href="http://loft_city_church.dev/wp-admin/options-general.php?page=sermon_image_plugin_settings">Manage Settings</a> in /srv/www/loft_city_church/htdocs/wp-content/plugins/sermon-manager-for-wordpress/includes/taxonomy-images/taxonomy-images.php on line 1133
[01-Jul-2017 14:59:35 UTC] PHP Notice:  No taxonomies have image support. <a href="http://loft_city_church.dev/wp-admin/options-general.php?page=sermon_image_plugin_settings">Manage Settings</a> in /srv/www/loft_city_church/htdocs/wp-content/plugins/sermon-manager-for-wordpress/includes/taxonomy-images/taxonomy-images.php on line 1133
[01-Jul-2017 14:59:35 UTC] PHP Notice:  No taxonomies have image support. <a href="http://loft_city_church.dev/wp-admin/options-general.php?page=sermon_image_plugin_settings">Manage Settings</a> in /srv/www/loft_city_church/htdocs/wp-content/plugins/sermon-manager-for-wordpress/includes/taxonomy-images/taxonomy-images.php on line 1133
[01-Jul-2017 14:59:35 UTC] PHP Notice:  No taxonomies have image support. <a href="http://loft_city_church.dev/wp-admin/options-general.php?page=sermon_image_plugin_settings">Manage Settings</a> in /srv/www/loft_city_church/htdocs/wp-content/plugins/sermon-manager-for-wordpress/includes/taxonomy-images/taxonomy-images.php on line 1133
[01-Jul-2017 15:15:04 UTC] PHP Notice:  No taxonomies have image support. <a href="http://loft_city_church.dev/wp-admin/options-general.php?page=sermon_image_plugin_settings">Manage Settings</a> in /srv/www/loft_city_church/htdocs/wp-content/plugins/sermon-manager-for-wordpress/includes/taxonomy-images/taxonomy-images.php on line 1133
[01-Jul-2017 15:15:04 UTC] PHP Notice:  No taxonomies have image support. <a href="http://loft_city_church.dev/wp-admin/options-general.php?page=sermon_image_plugin_settings">Manage Settings</a> in /srv/www/loft_city_church/htdocs/wp-content/plugins/sermon-manager-for-wordpress/includes/taxonomy-images/taxonomy-images.php on line 1133
[01-Jul-2017 15:15:04 UTC] PHP Notice:  No taxonomies have image support. <a href="http://loft_city_church.dev/wp-admin/options-general.php?page=sermon_image_plugin_settings">Manage Settings</a> in /srv/www/loft_city_church/htdocs/wp-content/plugins/sermon-manager-for-wordpress/includes/taxonomy-images/taxonomy-images.php on line 1133
[01-Jul-2017 15:15:13 UTC] PHP Notice:  No taxonomies have image support. <a href="http://loft_city_church.dev/wp-admin/options-general.php?page=sermon_image_plugin_settings">Manage Settings</a> in /srv/www/loft_city_church/htdocs/wp-content/plugins/sermon-manager-for-wordpress/includes/taxonomy-images/taxonomy-images.php on line 1133
[01-Jul-2017 15:15:13 UTC] PHP Notice:  No taxonomies have image support. <a href="http://loft_city_church.dev/wp-admin/options-general.php?page=sermon_image_plugin_settings">Manage Settings</a> in /srv/www/loft_city_church/htdocs/wp-content/plugins/sermon-manager-for-wordpress/includes/taxonomy-images/taxonomy-images.php on line 1133
[01-Jul-2017 15:15:13 UTC] PHP Notice:  No taxonomies have image support. <a href="http://loft_city_church.dev/wp-admin/options-general.php?page=sermon_image_plugin_settings">Manage Settings</a> in /srv/www/loft_city_church/htdocs/wp-content/plugins/sermon-manager-for-wordpress/includes/taxonomy-images/taxonomy-images.php on line 1133
[01-Jul-2017 15:15:21 UTC] PHP Notice:  No taxonomies have image support. <a href="http://loft_city_church.dev/wp-admin/options-general.php?page=sermon_image_plugin_settings">Manage Settings</a> in /srv/www/loft_city_church/htdocs/wp-content/plugins/sermon-manager-for-wordpress/includes/taxonomy-images/taxonomy-images.php on line 1133
[01-Jul-2017 15:15:21 UTC] PHP Notice:  No taxonomies have image support. <a href="http://loft_city_church.dev/wp-admin/options-general.php?page=sermon_image_plugin_settings">Manage Settings</a> in /srv/www/loft_city_church/htdocs/wp-content/plugins/sermon-manager-for-wordpress/includes/taxonomy-images/taxonomy-images.php on line 1133
[01-Jul-2017 15:15:21 UTC] PHP Notice:  No taxonomies have image support. <a href="http://loft_city_church.dev/wp-admin/options-general.php?page=sermon_image_plugin_settings">Manage Settings</a> in /srv/www/loft_city_church/htdocs/wp-content/plugins/sermon-manager-for-wordpress/includes/taxonomy-images/taxonomy-images.php on line 1133
[01-Jul-2017 15:19:12 UTC] PHP Notice:  No taxonomies have image support. <a href="http://loft_city_church.dev/wp-admin/options-general.php?page=sermon_image_plugin_settings">Manage Settings</a> in /srv/www/loft_city_church/htdocs/wp-content/plugins/sermon-manager-for-wordpress/includes/taxonomy-images/taxonomy-images.php on line 1133
[01-Jul-2017 15:19:12 UTC] PHP Notice:  No taxonomies have image support. <a href="http://loft_city_church.dev/wp-admin/options-general.php?page=sermon_image_plugin_settings">Manage Settings</a> in /srv/www/loft_city_church/htdocs/wp-content/plugins/sermon-manager-for-wordpress/includes/taxonomy-images/taxonomy-images.php on line 1133
[01-Jul-2017 15:19:12 UTC] PHP Notice:  No taxonomies have image support. <a href="http://loft_city_church.dev/wp-admin/options-general.php?page=sermon_image_plugin_settings">Manage Settings</a> in /srv/www/loft_city_church/htdocs/wp-content/plugins/sermon-manager-for-wordpress/includes/taxonomy-images/taxonomy-images.php on line 1133
[01-Jul-2017 15:19:28 UTC] PHP Notice:  No taxonomies have image support. <a href="http://loft_city_church.dev/wp-admin/options-general.php?page=sermon_image_plugin_settings">Manage Settings</a> in /srv/www/loft_city_church/htdocs/wp-content/plugins/sermon-manager-for-wordpress/includes/taxonomy-images/taxonomy-images.php on line 1133
[01-Jul-2017 15:19:28 UTC] PHP Notice:  No taxonomies have image support. <a href="http://loft_city_church.dev/wp-admin/options-general.php?page=sermon_image_plugin_settings">Manage Settings</a> in /srv/www/loft_city_church/htdocs/wp-content/plugins/sermon-manager-for-wordpress/includes/taxonomy-images/taxonomy-images.php on line 1133
[01-Jul-2017 15:19:28 UTC] PHP Notice:  No taxonomies have image support. <a href="http://loft_city_church.dev/wp-admin/options-general.php?page=sermon_image_plugin_settings">Manage Settings</a> in /srv/www/loft_city_church/htdocs/wp-content/plugins/sermon-manager-for-wordpress/includes/taxonomy-images/taxonomy-images.php on line 1133
[01-Jul-2017 15:19:51 UTC] PHP Notice:  No taxonomies have image support. <a href="http://loft_city_church.dev/wp-admin/options-general.php?page=sermon_image_plugin_settings">Manage Settings</a> in /srv/www/loft_city_church/htdocs/wp-content/plugins/sermon-manager-for-wordpress/includes/taxonomy-images/taxonomy-images.php on line 1133
[01-Jul-2017 15:19:51 UTC] PHP Notice:  No taxonomies have image support. <a href="http://loft_city_church.dev/wp-admin/options-general.php?page=sermon_image_plugin_settings">Manage Settings</a> in /srv/www/loft_city_church/htdocs/wp-content/plugins/sermon-manager-for-wordpress/includes/taxonomy-images/taxonomy-images.php on line 1133
[01-Jul-2017 15:19:51 UTC] PHP Notice:  No taxonomies have image support. <a href="http://loft_city_church.dev/wp-admin/options-general.php?page=sermon_image_plugin_settings">Manage Settings</a> in /srv/www/loft_city_church/htdocs/wp-content/plugins/sermon-manager-for-wordpress/includes/taxonomy-images/taxonomy-images.php on line 1133
[01-Jul-2017 15:20:00 UTC] PHP Notice:  No taxonomies have image support. <a href="http://loft_city_church.dev/wp-admin/options-general.php?page=sermon_image_plugin_settings">Manage Settings</a> in /srv/www/loft_city_church/htdocs/wp-content/plugins/sermon-manager-for-wordpress/includes/taxonomy-images/taxonomy-images.php on line 1133
[01-Jul-2017 15:20:00 UTC] PHP Notice:  No taxonomies have image support. <a href="http://loft_city_church.dev/wp-admin/options-general.php?page=sermon_image_plugin_settings">Manage Settings</a> in /srv/www/loft_city_church/htdocs/wp-content/plugins/sermon-manager-for-wordpress/includes/taxonomy-images/taxonomy-images.php on line 1133
[01-Jul-2017 15:20:00 UTC] PHP Notice:  No taxonomies have image support. <a href="http://loft_city_church.dev/wp-admin/options-general.php?page=sermon_image_plugin_settings">Manage Settings</a> in /srv/www/loft_city_church/htdocs/wp-content/plugins/sermon-manager-for-wordpress/includes/taxonomy-images/taxonomy-images.php on line 1133
[01-Jul-2017 15:29:26 UTC] PHP Deprecated:  Non-static method Sermon_Manager_Settings::wpfc_validate_options() should not be called statically in /srv/www/loft_city_church/htdocs/wp-content/plugins/sermon-manager-for-wordpress/includes/options.php on line 809
[01-Jul-2017 15:29:26 UTC] PHP Deprecated:  Non-static method Sermon_Manager_Settings::wpfc_validate_options() should not be called statically in /srv/www/loft_city_church/htdocs/wp-content/plugins/sermon-manager-for-wordpress/includes/options.php on line 809
[01-Jul-2017 18:36:25 UTC] PHP Parse error:  syntax error, unexpected 'get_sub_field' (T_STRING), expecting '(' in /srv/www/loft_city_church/htdocs/wp-content/themes/LOFT/template-parts/flexible-content.php on line 32
[01-Jul-2017 18:36:36 UTC] PHP Parse error:  syntax error, unexpected 'get_sub_field' (T_STRING), expecting '(' in /srv/www/loft_city_church/htdocs/wp-content/themes/LOFT/template-parts/flexible-content.php on line 32
[01-Jul-2017 21:42:34 UTC] PHP Parse error:  syntax error, unexpected 'endif' (T_ENDIF) in /srv/www/loft_city_church/htdocs/wp-content/themes/LOFT/template-parts/flexible-content.php on line 44
[01-Jul-2017 23:54:44 UTC] PHP Notice:  Undefined variable: icon in /srv/www/loft_city_church/htdocs/wp-content/themes/LOFT/template-parts/flexible-content.php on line 33
[01-Jul-2017 23:54:44 UTC] PHP Notice:  Undefined variable: icon in /srv/www/loft_city_church/htdocs/wp-content/themes/LOFT/template-parts/flexible-content.php on line 33
[01-Jul-2017 23:55:16 UTC] PHP Notice:  Undefined variable: icon in /srv/www/loft_city_church/htdocs/wp-content/themes/LOFT/template-parts/flexible-content.php on line 33
[01-Jul-2017 23:55:16 UTC] PHP Notice:  Undefined variable: icon in /srv/www/loft_city_church/htdocs/wp-content/themes/LOFT/template-parts/flexible-content.php on line 33
[01-Jul-2017 23:56:59 UTC] PHP Notice:  Undefined variable: icon in /srv/www/loft_city_church/htdocs/wp-content/themes/LOFT/template-parts/flexible-content.php on line 34
[01-Jul-2017 23:56:59 UTC] PHP Notice:  Undefined variable: icon in /srv/www/loft_city_church/htdocs/wp-content/themes/LOFT/template-parts/flexible-content.php on line 34
[02-Jul-2017 00:04:19 UTC] PHP Parse error:  syntax error, unexpected 'echo' (T_ECHO) in /srv/www/loft_city_church/htdocs/wp-content/themes/LOFT/template-parts/flexible-content.php on line 48
[02-Jul-2017 00:04:30 UTC] PHP Parse error:  syntax error, unexpected '$internal_link' (T_VARIABLE), expecting '(' in /srv/www/loft_city_church/htdocs/wp-content/themes/LOFT/template-parts/flexible-content.php on line 48
[02-Jul-2017 00:04:41 UTC] PHP Parse error:  syntax error, unexpected '?' in /srv/www/loft_city_church/htdocs/wp-content/themes/LOFT/template-parts/flexible-content.php on line 48
[02-Jul-2017 00:05:05 UTC] PHP Parse error:  syntax error, unexpected '}', expecting ',' or ';' in /srv/www/loft_city_church/htdocs/wp-content/themes/LOFT/template-parts/flexible-content.php on line 48
[02-Jul-2017 00:07:05 UTC] PHP Parse error:  syntax error, unexpected '}', expecting ',' or ';' in /srv/www/loft_city_church/htdocs/wp-content/themes/LOFT/template-parts/flexible-content.php on line 48
[02-Jul-2017 00:08:00 UTC] PHP Parse error:  syntax error, unexpected '$internal_link' (T_VARIABLE), expecting '(' in /srv/www/loft_city_church/htdocs/wp-content/themes/LOFT/template-parts/flexible-content.php on line 47
[02-Jul-2017 00:08:03 UTC] PHP Parse error:  syntax error, unexpected '$internal_link' (T_VARIABLE), expecting '(' in /srv/www/loft_city_church/htdocs/wp-content/themes/LOFT/template-parts/flexible-content.php on line 47
[02-Jul-2017 00:08:10 UTC] PHP Parse error:  syntax error, unexpected '$internal_link' (T_VARIABLE), expecting '(' in /srv/www/loft_city_church/htdocs/wp-content/themes/LOFT/template-parts/flexible-content.php on line 47
[02-Jul-2017 00:08:28 UTC] PHP Parse error:  syntax error, unexpected '$internal_link' (T_VARIABLE), expecting '(' in /srv/www/loft_city_church/htdocs/wp-content/themes/LOFT/template-parts/flexible-content.php on line 47
[02-Jul-2017 00:08:46 UTC] PHP Parse error:  syntax error, unexpected '$internal_link' (T_VARIABLE), expecting '(' in /srv/www/loft_city_church/htdocs/wp-content/themes/LOFT/template-parts/flexible-content.php on line 47
[02-Jul-2017 00:09:01 UTC] PHP Parse error:  syntax error, unexpected '$internal_link' (T_VARIABLE), expecting '(' in /srv/www/loft_city_church/htdocs/wp-content/themes/LOFT/template-parts/flexible-content.php on line 48
[02-Jul-2017 00:09:11 UTC] PHP Parse error:  syntax error, unexpected '$internal_link' (T_VARIABLE), expecting '(' in /srv/www/loft_city_church/htdocs/wp-content/themes/LOFT/template-parts/flexible-content.php on line 48
[02-Jul-2017 00:09:52 UTC] PHP Parse error:  syntax error, unexpected '$internal_link' (T_VARIABLE), expecting '(' in /srv/www/loft_city_church/htdocs/wp-content/themes/LOFT/template-parts/flexible-content.php on line 48
[02-Jul-2017 00:11:30 UTC] PHP Notice:  Undefined variable: link_type in /srv/www/loft_city_church/htdocs/wp-content/themes/LOFT/template-parts/flexible-content.php on line 46
[02-Jul-2017 00:12:29 UTC] PHP Notice:  Undefined variable: link_type in /srv/www/loft_city_church/htdocs/wp-content/themes/LOFT/template-parts/flexible-content.php on line 45
[02-Jul-2017 00:12:56 UTC] PHP Notice:  Undefined variable: link_type in /srv/www/loft_city_church/htdocs/wp-content/themes/LOFT/template-parts/flexible-content.php on line 45
[02-Jul-2017 00:13:51 UTC] PHP Notice:  Undefined variable: link_type in /srv/www/loft_city_church/htdocs/wp-content/themes/LOFT/template-parts/flexible-content.php on line 45
[02-Jul-2017 00:13:51 UTC] PHP Notice:  Undefined variable: link_type in /srv/www/loft_city_church/htdocs/wp-content/themes/LOFT/template-parts/flexible-content.php on line 47
[02-Jul-2017 00:13:51 UTC] PHP Notice:  Undefined variable: link in /srv/www/loft_city_church/htdocs/wp-content/themes/LOFT/template-parts/flexible-content.php on line 50
[02-Jul-2017 00:13:51 UTC] PHP Notice:  Undefined variable: link in /srv/www/loft_city_church/htdocs/wp-content/themes/LOFT/template-parts/flexible-content.php on line 52
[02-Jul-2017 00:14:34 UTC] PHP Notice:  Undefined variable: link_type in /srv/www/loft_city_church/htdocs/wp-content/themes/LOFT/template-parts/flexible-content.php on line 46
[02-Jul-2017 00:14:34 UTC] PHP Notice:  Undefined variable: link_type in /srv/www/loft_city_church/htdocs/wp-content/themes/LOFT/template-parts/flexible-content.php on line 48
[02-Jul-2017 00:14:34 UTC] PHP Notice:  Undefined variable: link in /srv/www/loft_city_church/htdocs/wp-content/themes/LOFT/template-parts/flexible-content.php on line 51
[02-Jul-2017 00:14:34 UTC] PHP Notice:  Undefined variable: link in /srv/www/loft_city_church/htdocs/wp-content/themes/LOFT/template-parts/flexible-content.php on line 53
[02-Jul-2017 02:16:26 UTC] PHP Notice:  Undefined variable: link_type in /srv/www/loft_city_church/htdocs/wp-content/themes/LOFT/template-parts/flexible-content.php on line 46
[02-Jul-2017 02:16:26 UTC] PHP Notice:  Undefined variable: link_type in /srv/www/loft_city_church/htdocs/wp-content/themes/LOFT/template-parts/flexible-content.php on line 48
[02-Jul-2017 02:16:26 UTC] PHP Notice:  Undefined variable: link in /srv/www/loft_city_church/htdocs/wp-content/themes/LOFT/template-parts/flexible-content.php on line 51
[02-Jul-2017 02:16:26 UTC] PHP Notice:  Undefined variable: link in /srv/www/loft_city_church/htdocs/wp-content/themes/LOFT/template-parts/flexible-content.php on line 53
[02-Jul-2017 02:44:51 UTC] PHP Parse error:  syntax error, unexpected '}', expecting ',' or ';' in /srv/www/loft_city_church/htdocs/wp-content/themes/LOFT/template-parts/flexible-content.php on line 35
[02-Jul-2017 02:47:34 UTC] PHP Notice:  Undefined variable: style in /srv/www/loft_city_church/htdocs/wp-content/themes/LOFT/template-parts/flexible-content.php on line 38
[02-Jul-2017 02:47:34 UTC] PHP Notice:  Undefined variable: style in /srv/www/loft_city_church/htdocs/wp-content/themes/LOFT/template-parts/flexible-content.php on line 38
[02-Jul-2017 23:18:29 UTC] PHP Fatal error:  Uncaught Error: Call to undefined function get_current_template() in /srv/www/loft_city_church/htdocs/wp-content/themes/LOFT/template-parts/header/site-branding.php:20
Stack trace:
#0 /srv/www/loft_city_church/htdocs/wp-includes/template.php(690): require()
#1 /srv/www/loft_city_church/htdocs/wp-includes/template.php(647): load_template('/srv/www/loft_c...', false)
#2 /srv/www/loft_city_church/htdocs/wp-includes/general-template.php(167): locate_template(Array, true, false)
#3 /srv/www/loft_city_church/htdocs/wp-content/themes/twentyseventeen/template-parts/header/header-image.php(18): get_template_part('template-parts/...', 'branding')
#4 /srv/www/loft_city_church/htdocs/wp-includes/template.php(690): require('/srv/www/loft_c...')
#5 /srv/www/loft_city_church/htdocs/wp-includes/template.php(647): load_template('/srv/www/loft_c...', false)
#6 /srv/www/loft_city_church/htdocs/wp-includes/general-template.php(167): locate_template(Array, true, false)
#7 /srv/www/loft_city_church/htdocs/wp-content/themes/twentys in /srv/www/loft_city_church/htdocs/wp-content/themes/LOFT/template-parts/header/site-branding.php on line 20
[02-Jul-2017 23:19:35 UTC] PHP Fatal error:  Uncaught Error: Call to undefined function get_current_template() in /srv/www/loft_city_church/htdocs/wp-content/themes/LOFT/template-parts/header/site-branding.php:19
Stack trace:
#0 /srv/www/loft_city_church/htdocs/wp-includes/template.php(690): require()
#1 /srv/www/loft_city_church/htdocs/wp-includes/template.php(647): load_template('/srv/www/loft_c...', false)
#2 /srv/www/loft_city_church/htdocs/wp-includes/general-template.php(167): locate_template(Array, true, false)
#3 /srv/www/loft_city_church/htdocs/wp-content/themes/twentyseventeen/template-parts/header/header-image.php(18): get_template_part('template-parts/...', 'branding')
#4 /srv/www/loft_city_church/htdocs/wp-includes/template.php(690): require('/srv/www/loft_c...')
#5 /srv/www/loft_city_church/htdocs/wp-includes/template.php(647): load_template('/srv/www/loft_c...', false)
#6 /srv/www/loft_city_church/htdocs/wp-includes/general-template.php(167): locate_template(Array, true, false)
#7 /srv/www/loft_city_church/htdocs/wp-content/themes/twentys in /srv/www/loft_city_church/htdocs/wp-content/themes/LOFT/template-parts/header/site-branding.php on line 19
[02-Jul-2017 23:19:57 UTC] PHP Fatal error:  Uncaught Error: Call to undefined function get_current_template() in /srv/www/loft_city_church/htdocs/wp-content/themes/LOFT/template-parts/header/site-branding.php:16
Stack trace:
#0 /srv/www/loft_city_church/htdocs/wp-includes/template.php(690): require()
#1 /srv/www/loft_city_church/htdocs/wp-includes/template.php(647): load_template('/srv/www/loft_c...', false)
#2 /srv/www/loft_city_church/htdocs/wp-includes/general-template.php(167): locate_template(Array, true, false)
#3 /srv/www/loft_city_church/htdocs/wp-content/themes/twentyseventeen/template-parts/header/header-image.php(18): get_template_part('template-parts/...', 'branding')
#4 /srv/www/loft_city_church/htdocs/wp-includes/template.php(690): require('/srv/www/loft_c...')
#5 /srv/www/loft_city_church/htdocs/wp-includes/template.php(647): load_template('/srv/www/loft_c...', false)
#6 /srv/www/loft_city_church/htdocs/wp-includes/general-template.php(167): locate_template(Array, true, false)
#7 /srv/www/loft_city_church/htdocs/wp-content/themes/twentys in /srv/www/loft_city_church/htdocs/wp-content/themes/LOFT/template-parts/header/site-branding.php on line 16
[02-Jul-2017 23:21:30 UTC] WP_Community_Events::maybe_log_events_response: Valid response received. Details: {"api_url":"https:\/\/api.wordpress.org\/events\/1.0\/","request_args":{"body":{"number":5,"ip":"192.168.50.0","locale":"en_US","timezone":"America\/Chicago"}},"response_code":200,"response_body":{"location":{"ip":"76.237.88.255"},"events":"3 events trimmed."}}
[03-Jul-2017 02:07:37 UTC] PHP Deprecated:  Non-static method Sermon_Manager_Settings::wpfc_validate_options() should not be called statically in /srv/www/loft_city_church/htdocs/wp-content/plugins/sermon-manager-for-wordpress/includes/options.php on line 809
[03-Jul-2017 02:07:50 UTC] PHP Notice:  Undefined variable: archive_title in /srv/www/loft_city_church/htdocs/wp-content/plugins/sermon-manager-for-wordpress/views/archive-wpfc_sermon.php on line 19
[03-Jul-2017 02:08:08 UTC] PHP Deprecated:  Non-static method Sermon_Manager_Settings::wpfc_validate_options() should not be called statically in /srv/www/loft_city_church/htdocs/wp-content/plugins/sermon-manager-for-wordpress/includes/options.php on line 809
[03-Jul-2017 02:08:33 UTC] PHP Deprecated:  Non-static method Sermon_Manager_Settings::wpfc_validate_options() should not be called statically in /srv/www/loft_city_church/htdocs/wp-content/plugins/sermon-manager-for-wordpress/includes/options.php on line 809
[03-Jul-2017 02:08:38 UTC] PHP Notice:  Undefined variable: archive_title in /srv/www/loft_city_church/htdocs/wp-content/plugins/sermon-manager-for-wordpress/views/archive-wpfc_sermon.php on line 19
[03-Jul-2017 02:09:21 UTC] PHP Notice:  Undefined variable: archive_title in /srv/www/loft_city_church/htdocs/wp-content/plugins/sermon-manager-for-wordpress/views/archive-wpfc_sermon.php on line 19
[03-Jul-2017 02:09:39 UTC] PHP Deprecated:  Non-static method Sermon_Manager_Settings::wpfc_validate_options() should not be called statically in /srv/www/loft_city_church/htdocs/wp-content/plugins/sermon-manager-for-wordpress/includes/options.php on line 809
[03-Jul-2017 02:11:30 UTC] PHP Deprecated:  Non-static method Sermon_Manager_Settings::wpfc_validate_options() should not be called statically in /srv/www/loft_city_church/htdocs/wp-content/plugins/sermon-manager-for-wordpress/includes/options.php on line 809
